Base path: /Applications/Unity/Hub/Editor/2018.4.14f1/Unity.app/Contents
Cmd: initializeCompiler
Cmd: compileComputeKernel
  api=14 insize=10881 outsize=10709 ok=1
Cmd: compileComputeKernel
  api=4 insize=4845 outsize=4101 ok=1
Cmd: translateComputeKernel
  api=14 insize=3265 outsize=5365 ok=1
Cmd: compileComputeKernel
  api=4 insize=18299 outsize=10377 ok=1
Cmd: compileComputeKernel
  api=14 insize=18299 outsize=11321 ok=1
Cmd: translateComputeKernel
  api=14 insize=9637 outsize=16465 ok=1
Cmd: translateComputeKernel
  api=14 insize=853 outsize=785 ok=1
Cmd: compileComputeKernel
  api=14 insize=1806 outsize=1145 ok=1
Cmd: compileComputeKernel
  api=4 insize=1454 outsize=597 ok=1

Quitting shader compiler process
